2025-06-27 08:50:31.065 [info] [main] Log level: Info
2025-06-27 08:50:31.065 [info] [main] Validating found git in: "git"
2025-06-27 08:50:31.065 [info] [main] Using git "2.43.0" from "git"
2025-06-27 08:50:31.065 [info] [Model][doInitialScan] Initial repository scan started
2025-06-27 08:50:31.065 [info] > git rev-parse --show-toplevel [3ms]
2025-06-27 08:50:31.065 [info] fatal: not a git repository (or any parent up to mount point /)
Stopping at filesystem boundary (GIT_DISCOVERY_ACROSS_FILESYSTEM not set).
2025-06-27 08:50:31.065 [info] > git rev-parse --show-toplevel [2ms]
2025-06-27 08:50:31.065 [info] fatal: not a git repository (or any parent up to mount point /)
Stopping at filesystem boundary (GIT_DISCOVERY_ACROSS_FILESYSTEM not set).
2025-06-27 08:50:31.065 [info] > git rev-parse --show-toplevel [2ms]
2025-06-27 08:50:31.065 [info] fatal: not a git repository (or any parent up to mount point /)
Stopping at filesystem boundary (GIT_DISCOVERY_ACROSS_FILESYSTEM not set).
2025-06-27 08:50:31.065 [info] > git rev-parse --show-toplevel [2ms]
2025-06-27 08:50:31.065 [info] fatal: not a git repository (or any parent up to mount point /)
Stopping at filesystem boundary (GIT_DISCOVERY_ACROSS_FILESYSTEM not set).
2025-06-27 08:50:31.065 [info] > git rev-parse --show-toplevel [2ms]
2025-06-27 08:50:31.065 [info] fatal: not a git repository (or any parent up to mount point /)
Stopping at filesystem boundary (GIT_DISCOVERY_ACROSS_FILESYSTEM not set).
2025-06-27 08:50:31.065 [info] > git rev-parse --show-toplevel [2ms]
2025-06-27 08:50:31.065 [info] fatal: not a git repository (or any parent up to mount point /)
Stopping at filesystem boundary (GIT_DISCOVERY_ACROSS_FILESYSTEM not set).
2025-06-27 08:50:31.065 [info] > git rev-parse --show-toplevel [2ms]
2025-06-27 08:50:31.065 [info] fatal: not a git repository (or any parent up to mount point /)
Stopping at filesystem boundary (GIT_DISCOVERY_ACROSS_FILESYSTEM not set).
2025-06-27 08:50:31.065 [info] > git rev-parse --show-toplevel [3ms]
2025-06-27 08:50:31.065 [info] fatal: not a git repository (or any parent up to mount point /)
Stopping at filesystem boundary (GIT_DISCOVERY_ACROSS_FILESYSTEM not set).
2025-06-27 08:50:31.067 [info] > git rev-parse --show-toplevel [2ms]
2025-06-27 08:50:31.067 [info] fatal: not a git repository (or any parent up to mount point /)
Stopping at filesystem boundary (GIT_DISCOVERY_ACROSS_FILESYSTEM not set).
2025-06-27 08:50:31.072 [info] > git rev-parse --show-toplevel [1ms]
2025-06-27 08:50:31.072 [info] fatal: not a git repository (or any parent up to mount point /)
Stopping at filesystem boundary (GIT_DISCOVERY_ACROSS_FILESYSTEM not set).
2025-06-27 08:50:31.077 [info] > git rev-parse --show-toplevel [1ms]
2025-06-27 08:50:31.077 [info] fatal: not a git repository (or any parent up to mount point /)
Stopping at filesystem boundary (GIT_DISCOVERY_ACROSS_FILESYSTEM not set).
2025-06-27 08:50:31.077 [info] [Model][doInitialScan] Initial repository scan completed - repositories (0), closed repositories (0), parent repositories (0), unsafe repositories (0)
2025-06-27 08:50:58.888 [info] > git rev-parse --show-toplevel [7ms]
2025-06-27 08:50:58.888 [info] fatal: not a git repository (or any parent up to mount point /)
Stopping at filesystem boundary (GIT_DISCOVERY_ACROSS_FILESYSTEM not set).
2025-06-27 08:55:22.940 [info] > git rev-parse --show-toplevel [4ms]
2025-06-27 08:55:22.940 [info] fatal: not a git repository (or any parent up to mount point /)
Stopping at filesystem boundary (GIT_DISCOVERY_ACROSS_FILESYSTEM not set).
