2025-06-27 08:47:05.607 [info] Extension host with pid 1315 started
2025-06-27 08:47:05.627 [info] Lock '/home/dhruv_patil284/.codeoss/data/User/workspaceStorage/51d2e9d5/vscode.lock': Lock acquired.
2025-06-27 08:47:05.726 [info] ExtensionService#_doActivateExtension vscode.emmet, startup: false, activationEvent: 'onLanguage'
2025-06-27 08:47:05.854 [info] ExtensionService#_doActivateExtension vscode.git-base, startup: true, activationEvent: '*', root cause: vscode.git
2025-06-27 08:47:05.934 [info] ExtensionService#_doActivateExtension vscode.git, startup: true, activationEvent: '*'
2025-06-27 08:47:05.934 [info] ExtensionService#_doActivateExtension vscode.github, startup: true, activationEvent: '*'
2025-06-27 08:47:12.857 [info] Not activating extension 'redhat.java': Timed out while searching for 'workspaceContains' pattern */pom.xml,*/build.gradle,*/settings.gradle,*/build.gradle.kts,*/settings.gradle.kts,*/.classpath
2025-06-27 08:47:12.857 [info] Not activating extension 'vscjava.vscode-java-dependency': Timed out while searching for 'workspaceContains' pattern */pom.xml,*/build.gradle,*/settings.gradle,*/build.gradle.kts,*/settings.gradle.kts,*/.classpath
2025-06-27 08:47:12.858 [info] Not activating extension 'vscjava.vscode-java-test': Timed out while searching for 'workspaceContains' pattern */pom.xml,*/build.gradle,*/settings.gradle,*/build.gradle.kts,*/settings.gradle.kts,*/.classpath
2025-06-27 08:47:12.858 [info] Not activating extension 'vscjava.vscode-maven': Timed out while searching for 'workspaceContains' pattern **/pom.xml
2025-06-27 08:47:12.963 [info] Eager extensions activated
2025-06-27 08:47:12.964 [info] ExtensionService#_doActivateExtension EditorConfig.EditorConfig, startup: false, activationEvent: 'onStartupFinished'
2025-06-27 08:47:12.965 [info] ExtensionService#_doActivateExtension google.cloud-shell, startup: false, activationEvent: 'onStartupFinished'
2025-06-27 08:47:12.965 [info] ExtensionService#_doActivateExtension google.geminicodeassist, startup: false, activationEvent: 'onStartupFinished', root cause: googlecloudtools.cloudcode
2025-06-27 08:47:12.966 [info] ExtensionService#_doActivateExtension vscode.debug-auto-launch, startup: false, activationEvent: 'onStartupFinished'
2025-06-27 08:47:12.967 [info] ExtensionService#_doActivateExtension vscode.merge-conflict, startup: false, activationEvent: 'onStartupFinished'
2025-06-27 08:47:15.214 [info] ExtensionService#_doActivateExtension vscode.configuration-editing, startup: false, activationEvent: 'onLanguage:jsonc'
2025-06-27 08:47:15.215 [info] ExtensionService#_doActivateExtension vscode.json-language-features, startup: false, activationEvent: 'onLanguage:jsonc'
2025-06-27 08:47:15.216 [info] ExtensionService#_doActivateExtension vscode.typescript-language-features, startup: false, activationEvent: 'onLanguage:jsonc'
2025-06-27 08:47:22.041 [info] ExtensionService#_doActivateExtension googlecloudtools.cloudcode, startup: false, activationEvent: 'onStartupFinished'
2025-06-27 08:50:03.398 [info] Extension host terminating: received terminate message from renderer
2025-06-27 08:50:03.398 [info] Lock '/home/dhruv_patil284/.codeoss/data/User/workspaceStorage/51d2e9d5/vscode.lock': Marking the lockfile as scheduled to be released in 6000 ms.
2025-06-27 08:50:03.438 [info] Extension host with pid 1315 exiting with code 0
