Initializing document watcher...
Document watcher initialized
dhruv_patil284/file-metadata-pipeline/watch_folder.py: {}
dhruv_patil284/file-metadata-pipeline/watch_folder.py: Using EditorConfig core...
dhruv_patil284/file-metadata-pipeline/watch_folder.py: {}
dhruv_patil284/file-metadata-pipeline/watch_folder.py: {}
dhruv_patil284/file-metadata-pipeline/watch_folder.py: Using EditorConfig core...
dhruv_patil284/file-metadata-pipeline/watch_folder.py: Using EditorConfig core...
dhruv_patil284/file-metadata-pipeline/watch_folder.py: Using EditorConfig core...
dhruv_patil284/file-metadata-pipeline/watch_folder.py: Using EditorConfig core...
dhruv_patil284/file-metadata-pipeline/watch_folder.py: Using EditorConfig core...
dhruv_patil284/file-metadata-pipeline/watch_folder.py: Using EditorConfig core...
accessible-view-inlineCompletions: {}
dhruv_patil284/file-metadata-pipeline/watch_folder.py: {}
dhruv_patil284/file-metadata-pipeline/watch_folder.py: Using EditorConfig core...
dhruv_patil284/file-metadata-pipeline/watch_folder.py: Using EditorConfig core...
dhruv_patil284/file-metadata-pipeline/watch_folder.py: Using EditorConfig core...
dhruv_patil284/file-metadata-pipeline/watch_folder.py: Using EditorConfig core...
dhruv_patil284/file-metadata-pipeline/watch_folder.py: Using EditorConfig core...
dhruv_patil284/file-metadata-pipeline/watch_folder.py: Using EditorConfig core...
dhruv_patil284/file-metadata-pipeline/watch_folder.py: Using EditorConfig core...
dhruv_patil284/file-metadata-pipeline/watch_folder.py: Using EditorConfig core...
dhruv_patil284/file-metadata-pipeline/watch_folder.py: Using EditorConfig core...
dhruv_patil284/file-metadata-pipeline/watch_folder.py: Using EditorConfig core...
dhruv_patil284/file-metadata-pipeline/watch_folder.py: Using EditorConfig core...
dhruv_patil284/file-metadata-pipeline/watch_folder.py: Using EditorConfig core...
dhruv_patil284/file-metadata-pipeline/watch_folder.py: {}
dhruv_patil284/file-metadata-pipeline/watch_folder.py: {}
dhruv_patil284/file-metadata-pipeline/watch_folder.py: {}
dhruv_patil284/file-metadata-pipeline/watch_folder.py: {}
dhruv_patil284/file-metadata-pipeline/watch_folder.py: {}
dhruv_patil284/file-metadata-pipeline/watch_folder.py: {}
