Initializing document watcher...
Document watcher initialized
dhruv_patil284/file-metadata-pipeline/watch_folder.py: {}
dhruv_patil284/file-metadata-pipeline/watch_folder.py: Using EditorConfig core...
dhruv_patil284/file-metadata-pipeline/watch_folder.py: Using EditorConfig core...
dhruv_patil284/file-metadata-pipeline/watch_folder.py: Using EditorConfig core...
dhruv_patil284/file-metadata-pipeline/watch_folder.py: Using EditorConfig core...
dhruv_patil284/file-metadata-pipeline/watch_folder.py: Using EditorConfig core...
dhruv_patil284/file-metadata-pipeline/watch_folder.py: Using EditorConfig core...
dhruv_patil284/file-metadata-pipeline/watch_folder.py: Using EditorConfig core...
/User/settings.json: Using EditorConfig core...
/User/settings.json: Using EditorConfig core...
/User/settings.json: Using EditorConfig core...
/User/settings.json: Using EditorConfig core...
/User/settings.json: Using EditorConfig core...
/User/settings.json: Using EditorConfig core...
/User/settings.json: Using EditorConfig core...
/User/settings.json: Using EditorConfig core...
/User/settings.json: Using EditorConfig core...
/User/settings.json: Using EditorConfig core...
/User/settings.json: Using EditorConfig core...
/User/settings.json: Using EditorConfig core...
/User/settings.json: Using EditorConfig core...
/User/settings.json: Using EditorConfig core...
/User/settings.json: Using EditorConfig core...
/User/settings.json: Using EditorConfig core...
/User/settings.json: Using EditorConfig core...
/User/settings.json: Using EditorConfig core...
/User/settings.json: Using EditorConfig core...
/User/settings.json: Using EditorConfig core...
/User/settings.json: Using EditorConfig core...
No more open editors.
No more open editors.
No more open editors.
No more open editors.
/User/settings.json: {}
/User/settings.json: Using EditorConfig core...
/User/settings.json: {}
/User/settings.json: {}
/User/settings.json: {}
/User/settings.json: Using EditorConfig core...
dhruv_patil284/file-metadata-pipeline/watch_folder.py: {}
/User/settings.json: {}
