2025-06-27 08:50:59.471 [warning] Dir "/home/dhruv_patil284/.pixi/envs" is not watchable (directory does not exist)
2025-06-27 08:50:59.471 [info] Starting Environment refresh
2025-06-27 08:50:59.471 [info] Searching for interpreters in posix paths locator
2025-06-27 08:50:59.471 [info] Searching for pyenv environments
2025-06-27 08:50:59.471 [info] Searching for conda environments
2025-06-27 08:50:59.471 [info] Searching for global virtual environments
2025-06-27 08:50:59.471 [info] Searching for custom virtual environments
2025-06-27 08:50:59.471 [info] pyenv is not installed
2025-06-27 08:50:59.471 [info] Finished searching for pyenv environments: 19 milliseconds
2025-06-27 08:50:59.471 [info] Finished searching for custom virtual envs: 19 milliseconds
2025-06-27 08:50:59.471 [info] > conda info --json
2025-06-27 08:50:59.471 [info] > hatch env show --json
2025-06-27 08:50:59.471 [info] cwd: .
2025-06-27 08:50:59.471 [info] > pyenv which python
2025-06-27 08:50:59.471 [info] cwd: .
2025-06-27 08:50:59.471 [info] Finished searching for global virtual envs: 57 milliseconds
2025-06-27 08:50:59.472 [info] Found: /bin/python --> /bin/python3.12
2025-06-27 08:50:59.474 [info] Found: /bin/python3 --> /bin/python3.12
2025-06-27 08:50:59.474 [info] Found: /bin/python3.12 --> /bin/python3.12
2025-06-27 08:50:59.490 [info] Found: /usr/bin/python --> /usr/bin/python3.12
2025-06-27 08:50:59.491 [info] Found: /usr/bin/python3 --> /usr/bin/python3.12
2025-06-27 08:50:59.491 [info] Found: /usr/bin/python3.12 --> /usr/bin/python3.12
2025-06-27 08:50:59.551 [info] Finished searching for interpreters in posix paths locator: 153 milliseconds
2025-06-27 08:50:59.551 [info] > /bin/python -I /google/devshell/editor/code-oss-for-cloud-shell/extensions/ms-python.python/python_files/get_output_via_markers.py /google/devshell/editor/code-oss-for-cloud-shell/extensions/ms-python.python/python_files/interpreterInfo.py
2025-06-27 08:50:59.569 [info] > /usr/bin/python -I /google/devshell/editor/code-oss-for-cloud-shell/extensions/ms-python.python/python_files/get_output_via_markers.py /google/devshell/editor/code-oss-for-cloud-shell/extensions/ms-python.python/python_files/interpreterInfo.py
2025-06-27 08:50:59.570 [info] Environments refresh paths discovered (event): 177 milliseconds
2025-06-27 08:50:59.570 [info] Environments refresh paths discovered: 178 milliseconds
2025-06-27 08:50:59.653 [info] Environments refresh finished (event): 261 milliseconds
2025-06-27 08:50:59.666 [info] Environment refresh took 273 milliseconds
2025-06-27 08:50:59.672 [info] Python interpreter path: /bin/python
2025-06-27 08:51:02.783 [info] Starting Jedi language server for dhruv_patil284.
2025-06-27 08:51:11.162 [info] Discover tests for workspace name: dhruv_patil284 - uri: /home/dhruv_patil284/file-metadata-pipeline/watch_folder.py
2025-06-27 08:54:59.641 [info] Discover tests for workspace name: dhruv_patil284 - uri: /home/dhruv_patil284/file-metadata-pipeline/watch_folder.py
2025-06-27 08:55:03.665 [info] Discover tests for workspace name: dhruv_patil284 - uri: /home/dhruv_patil284/file-metadata-pipeline/watch_folder.py
2025-06-27 08:55:07.582 [info] Discover tests for workspace name: dhruv_patil284 - uri: /home/dhruv_patil284/file-metadata-pipeline/watch_folder.py
2025-06-27 08:55:09.718 [info] Discover tests for workspace name: dhruv_patil284 - uri: /home/dhruv_patil284/file-metadata-pipeline/watch_folder.py
2025-06-27 08:55:14.814 [info] Discover tests for workspace name: dhruv_patil284 - uri: /home/dhruv_patil284/file-metadata-pipeline/watch_folder.py
2025-06-27 08:55:16.976 [info] Discover tests for workspace name: dhruv_patil284 - uri: /home/dhruv_patil284/file-metadata-pipeline/watch_folder.py
2025-06-27 08:55:33.678 [info] Discover tests for workspace name: dhruv_patil284 - uri: /home/dhruv_patil284/file-metadata-pipeline/watch_folder.py
2025-06-27 08:55:45.736 [info] Discover tests for workspace name: dhruv_patil284 - uri: /home/dhruv_patil284/file-metadata-pipeline/watch_folder.py
2025-06-27 08:55:47.373 [info] Discover tests for workspace name: dhruv_patil284 - uri: /home/dhruv_patil284/file-metadata-pipeline/watch_folder.py
2025-06-27 08:55:48.490 [info] Discover tests for workspace name: dhruv_patil284 - uri: /home/dhruv_patil284/file-metadata-pipeline/watch_folder.py
2025-06-27 08:55:51.144 [info] Discover tests for workspace name: dhruv_patil284 - uri: /home/dhruv_patil284/file-metadata-pipeline/watch_folder.py
2025-06-27 08:56:17.454 [info] Discover tests for workspace name: dhruv_patil284 - uri: /home/dhruv_patil284/file-metadata-pipeline/watch_folder.py
2025-06-27 08:56:20.141 [info] Discover tests for workspace name: dhruv_patil284 - uri: /home/dhruv_patil284/file-metadata-pipeline/watch_folder.py
2025-06-27 08:56:24.087 [info] Discover tests for workspace name: dhruv_patil284 - uri: /home/dhruv_patil284/file-metadata-pipeline/watch_folder.py
2025-06-27 08:56:55.459 [info] Discover tests for workspace name: dhruv_patil284 - uri: /home/dhruv_patil284/file-metadata-pipeline/watch_folder.py
2025-06-27 08:57:36.265 [info] Discover tests for workspace name: dhruv_patil284 - uri: /home/dhruv_patil284/file-metadata-pipeline/watch_folder.py
2025-06-27 08:57:39.816 [info] Discover tests for workspace name: dhruv_patil284 - uri: /home/dhruv_patil284/file-metadata-pipeline/watch_folder.py
2025-06-27 08:57:41.354 [info] Discover tests for workspace name: dhruv_patil284 - uri: /home/dhruv_patil284/file-metadata-pipeline/watch_folder.py
