2025-06-27 13:53:23.816 [warning] Dir "/home/dhruv_patil284/.pixi/envs" is not watchable (directory does not exist)
2025-06-27 13:53:23.906 [info] Python interpreter path: /bin/python
2025-06-27 13:53:24.140 [info] > pyenv which python
2025-06-27 13:53:24.141 [info] cwd: .
2025-06-27 13:53:27.688 [info] Starting Jedi language server for dhruv_patil284.
2025-06-27 13:53:53.557 [info] Discover tests for workspace name: dhruv_patil284 - uri: /home/dhruv_patil284/file-metadata-pipeline/watch_folder.py
2025-06-27 13:53:55.214 [info] Discover tests for workspace name: dhruv_patil284 - uri: /home/dhruv_patil284/file-metadata-pipeline/watch_folder.py
2025-06-27 13:55:12.584 [info] Discover tests for workspace name: dhruv_patil284 - uri: /home/dhruv_patil284/file-metadata-pipeline/watch_folder.py
2025-06-27 13:55:14.295 [info] Discover tests for workspace name: dhruv_patil284 - uri: /home/dhruv_patil284/file-metadata-pipeline/watch_folder.py
2025-06-27 13:55:15.592 [info] Discover tests for workspace name: dhruv_patil284 - uri: /home/dhruv_patil284/file-metadata-pipeline/watch_folder.py
2025-06-27 13:55:18.104 [info] Discover tests for workspace name: dhruv_patil284 - uri: /home/dhruv_patil284/file-metadata-pipeline/watch_folder.py
2025-06-27 13:55:23.619 [info] Discover tests for workspace name: dhruv_patil284 - uri: /home/dhruv_patil284/file-metadata-pipeline/watch_folder.py
2025-06-27 13:56:36.523 [info] Discover tests for workspace name: undefined - uri: /User/settings.json
2025-06-27 13:57:18.961 [info] Discover tests for workspace name: undefined - uri: /User/settings.json
2025-06-27 13:57:21.843 [info] Discover tests for workspace name: undefined - uri: /User/settings.json
2025-06-27 13:57:30.858 [info] Discover tests for workspace name: undefined - uri: /User/settings.json
2025-06-27 13:57:36.467 [info] Discover tests for workspace name: undefined - uri: /User/settings.json
2025-06-27 13:57:40.307 [info] Discover tests for workspace name: undefined - uri: /User/settings.json
2025-06-27 13:57:43.385 [info] Discover tests for workspace name: undefined - uri: /User/settings.json
2025-06-27 13:58:54.037 [info] Discover tests for workspace name: undefined - uri: /User/settings.json
2025-06-27 13:59:51.521 [info] Discover tests for workspace name: undefined - uri: /User/settings.json
2025-06-27 13:59:56.412 [info] Discover tests for workspace name: undefined - uri: /User/settings.json
2025-06-27 14:00:32.614 [info] Discover tests for workspace name: undefined - uri: /User/settings.json
2025-06-27 14:01:29.738 [info] Discover tests for workspace name: undefined - uri: /User/settings.json
2025-06-27 14:02:12.828 [info] Discover tests for workspace name: undefined - uri: /User/settings.json
2025-06-27 14:02:14.286 [info] Discover tests for workspace name: undefined - uri: /User/settings.json
2025-06-27 14:04:47.599 [info] Discover tests for workspace name: undefined - uri: /User/settings.json
2025-06-27 14:07:50.633 [info] Discover tests for workspace name: undefined - uri: /User/settings.json
2025-06-27 14:08:10.287 [info] Discover tests for workspace name: undefined - uri: /User/settings.json
2025-06-27 14:08:47.282 [info] Discover tests for workspace name: undefined - uri: /User/settings.json
2025-06-27 14:08:48.610 [info] Discover tests for workspace name: undefined - uri: /User/settings.json
2025-06-27 14:11:40.138 [info] Discover tests for workspace name: undefined - uri: /User/settings.json
2025-06-27 14:14:44.025 [info] Discover tests for workspace name: undefined - uri: /User/settings.json
2025-06-27 14:21:19.407 [info] Discover tests for workspace name: undefined - uri: /User/settings.json
2025-06-27 14:23:12.474 [info] Discover tests for workspace name: undefined - uri: /User/settings.json
