2025-06-27 13:53:24.424 [info] [main] Log level: Info
2025-06-27 13:53:24.424 [info] [main] Validating found git in: "git"
2025-06-27 13:53:24.424 [info] [main] Using git "2.43.0" from "git"
2025-06-27 13:53:24.424 [info] [Model][doInitialScan] Initial repository scan started
2025-06-27 13:53:24.424 [info] > git rev-parse --show-toplevel [5ms]
2025-06-27 13:53:24.424 [info] fatal: not a git repository (or any parent up to mount point /)
Stopping at filesystem boundary (GIT_DISCOVERY_ACROSS_FILESYSTEM not set).
2025-06-27 13:53:24.424 [info] > git rev-parse --show-toplevel [24ms]
2025-06-27 13:53:24.424 [info] fatal: not a git repository (or any parent up to mount point /)
Stopping at filesystem boundary (GIT_DISCOVERY_ACROSS_FILESYSTEM not set).
2025-06-27 13:53:24.426 [info] > git rev-parse --show-toplevel [3ms]
2025-06-27 13:53:24.426 [info] fatal: not a git repository (or any parent up to mount point /)
Stopping at filesystem boundary (GIT_DISCOVERY_ACROSS_FILESYSTEM not set).
2025-06-27 13:53:24.434 [info] > git rev-parse --show-toplevel [3ms]
2025-06-27 13:53:24.434 [info] fatal: not a git repository (or any parent up to mount point /)
Stopping at filesystem boundary (GIT_DISCOVERY_ACROSS_FILESYSTEM not set).
2025-06-27 13:53:24.442 [info] > git rev-parse --show-toplevel [3ms]
2025-06-27 13:53:24.442 [info] fatal: not a git repository (or any parent up to mount point /)
Stopping at filesystem boundary (GIT_DISCOVERY_ACROSS_FILESYSTEM not set).
2025-06-27 13:53:24.451 [info] > git rev-parse --show-toplevel [3ms]
2025-06-27 13:53:24.451 [info] fatal: not a git repository (or any parent up to mount point /)
Stopping at filesystem boundary (GIT_DISCOVERY_ACROSS_FILESYSTEM not set).
2025-06-27 13:53:24.463 [info] > git rev-parse --show-toplevel [6ms]
2025-06-27 13:53:24.463 [info] fatal: not a git repository (or any parent up to mount point /)
Stopping at filesystem boundary (GIT_DISCOVERY_ACROSS_FILESYSTEM not set).
2025-06-27 13:53:24.477 [info] > git rev-parse --show-toplevel [5ms]
2025-06-27 13:53:24.477 [info] fatal: not a git repository (or any parent up to mount point /)
Stopping at filesystem boundary (GIT_DISCOVERY_ACROSS_FILESYSTEM not set).
2025-06-27 13:53:24.499 [info] > git rev-parse --show-toplevel [7ms]
2025-06-27 13:53:24.500 [info] fatal: not a git repository (or any parent up to mount point /)
Stopping at filesystem boundary (GIT_DISCOVERY_ACROSS_FILESYSTEM not set).
2025-06-27 13:53:24.518 [info] > git rev-parse --show-toplevel [3ms]
2025-06-27 13:53:24.518 [info] fatal: not a git repository (or any parent up to mount point /)
Stopping at filesystem boundary (GIT_DISCOVERY_ACROSS_FILESYSTEM not set).
2025-06-27 13:53:24.526 [info] > git rev-parse --show-toplevel [2ms]
2025-06-27 13:53:24.526 [info] fatal: not a git repository (or any parent up to mount point /)
Stopping at filesystem boundary (GIT_DISCOVERY_ACROSS_FILESYSTEM not set).
2025-06-27 13:53:24.534 [info] > git rev-parse --show-toplevel [2ms]
2025-06-27 13:53:24.534 [info] fatal: not a git repository (or any parent up to mount point /)
Stopping at filesystem boundary (GIT_DISCOVERY_ACROSS_FILESYSTEM not set).
2025-06-27 13:53:24.535 [info] [Model][doInitialScan] Initial repository scan completed - repositories (0), closed repositories (0), parent repositories (0), unsafe repositories (0)
2025-06-27 13:53:25.692 [info] > git rev-parse --show-toplevel [6ms]
2025-06-27 13:53:25.692 [info] fatal: not a git repository (or any parent up to mount point /)
Stopping at filesystem boundary (GIT_DISCOVERY_ACROSS_FILESYSTEM not set).
2025-06-27 13:56:36.421 [info] > git rev-parse --show-toplevel [3ms]
2025-06-27 13:56:36.421 [info] fatal: not a git repository (or any parent up to mount point /)
Stopping at filesystem boundary (GIT_DISCOVERY_ACROSS_FILESYSTEM not set).
2025-06-27 13:57:18.828 [info] > git rev-parse --show-toplevel [5ms]
2025-06-27 13:57:18.828 [info] fatal: not a git repository (or any parent up to mount point /)
Stopping at filesystem boundary (GIT_DISCOVERY_ACROSS_FILESYSTEM not set).
2025-06-27 13:57:21.674 [info] > git rev-parse --show-toplevel [5ms]
2025-06-27 13:57:21.674 [info] fatal: not a git repository (or any parent up to mount point /)
Stopping at filesystem boundary (GIT_DISCOVERY_ACROSS_FILESYSTEM not set).
2025-06-27 13:57:30.706 [info] > git rev-parse --show-toplevel [4ms]
2025-06-27 13:57:30.706 [info] fatal: not a git repository (or any parent up to mount point /)
Stopping at filesystem boundary (GIT_DISCOVERY_ACROSS_FILESYSTEM not set).
2025-06-27 13:57:36.318 [info] > git rev-parse --show-toplevel [4ms]
2025-06-27 13:57:36.318 [info] fatal: not a git repository (or any parent up to mount point /)
Stopping at filesystem boundary (GIT_DISCOVERY_ACROSS_FILESYSTEM not set).
2025-06-27 13:57:40.164 [info] > git rev-parse --show-toplevel [1ms]
2025-06-27 13:57:40.164 [info] fatal: not a git repository (or any parent up to mount point /)
Stopping at filesystem boundary (GIT_DISCOVERY_ACROSS_FILESYSTEM not set).
2025-06-27 13:57:43.227 [info] > git rev-parse --show-toplevel [1ms]
2025-06-27 13:57:43.227 [info] fatal: not a git repository (or any parent up to mount point /)
Stopping at filesystem boundary (GIT_DISCOVERY_ACROSS_FILESYSTEM not set).
2025-06-27 13:58:53.900 [info] > git rev-parse --show-toplevel [2ms]
2025-06-27 13:58:53.900 [info] fatal: not a git repository (or any parent up to mount point /)
Stopping at filesystem boundary (GIT_DISCOVERY_ACROSS_FILESYSTEM not set).
2025-06-27 13:59:51.383 [info] > git rev-parse --show-toplevel [6ms]
2025-06-27 13:59:51.383 [info] fatal: not a git repository (or any parent up to mount point /)
Stopping at filesystem boundary (GIT_DISCOVERY_ACROSS_FILESYSTEM not set).
2025-06-27 13:59:56.251 [info] > git rev-parse --show-toplevel [4ms]
2025-06-27 13:59:56.251 [info] fatal: not a git repository (or any parent up to mount point /)
Stopping at filesystem boundary (GIT_DISCOVERY_ACROSS_FILESYSTEM not set).
2025-06-27 14:00:32.521 [info] > git rev-parse --show-toplevel [3ms]
2025-06-27 14:00:32.522 [info] fatal: not a git repository (or any parent up to mount point /)
Stopping at filesystem boundary (GIT_DISCOVERY_ACROSS_FILESYSTEM not set).
2025-06-27 14:01:29.594 [info] > git rev-parse --show-toplevel [5ms]
2025-06-27 14:01:29.594 [info] fatal: not a git repository (or any parent up to mount point /)
Stopping at filesystem boundary (GIT_DISCOVERY_ACROSS_FILESYSTEM not set).
2025-06-27 14:02:12.689 [info] > git rev-parse --show-toplevel [1ms]
2025-06-27 14:02:12.689 [info] fatal: not a git repository (or any parent up to mount point /)
Stopping at filesystem boundary (GIT_DISCOVERY_ACROSS_FILESYSTEM not set).
2025-06-27 14:02:14.137 [info] > git rev-parse --show-toplevel [5ms]
2025-06-27 14:02:14.137 [info] fatal: not a git repository (or any parent up to mount point /)
Stopping at filesystem boundary (GIT_DISCOVERY_ACROSS_FILESYSTEM not set).
2025-06-27 14:04:47.471 [info] > git rev-parse --show-toplevel [4ms]
2025-06-27 14:04:47.471 [info] fatal: not a git repository (or any parent up to mount point /)
Stopping at filesystem boundary (GIT_DISCOVERY_ACROSS_FILESYSTEM not set).
2025-06-27 14:07:50.507 [info] > git rev-parse --show-toplevel [5ms]
2025-06-27 14:07:50.507 [info] fatal: not a git repository (or any parent up to mount point /)
Stopping at filesystem boundary (GIT_DISCOVERY_ACROSS_FILESYSTEM not set).
2025-06-27 14:08:10.147 [info] > git rev-parse --show-toplevel [2ms]
2025-06-27 14:08:10.147 [info] fatal: not a git repository (or any parent up to mount point /)
Stopping at filesystem boundary (GIT_DISCOVERY_ACROSS_FILESYSTEM not set).
2025-06-27 14:08:47.134 [info] > git rev-parse --show-toplevel [1ms]
2025-06-27 14:08:47.134 [info] fatal: not a git repository (or any parent up to mount point /)
Stopping at filesystem boundary (GIT_DISCOVERY_ACROSS_FILESYSTEM not set).
2025-06-27 14:08:48.460 [info] > git rev-parse --show-toplevel [3ms]
2025-06-27 14:08:48.461 [info] fatal: not a git repository (or any parent up to mount point /)
Stopping at filesystem boundary (GIT_DISCOVERY_ACROSS_FILESYSTEM not set).
2025-06-27 14:11:40.013 [info] > git rev-parse --show-toplevel [3ms]
2025-06-27 14:11:40.013 [info] fatal: not a git repository (or any parent up to mount point /)
Stopping at filesystem boundary (GIT_DISCOVERY_ACROSS_FILESYSTEM not set).
2025-06-27 14:14:43.908 [info] > git rev-parse --show-toplevel [4ms]
2025-06-27 14:14:43.908 [info] fatal: not a git repository (or any parent up to mount point /)
Stopping at filesystem boundary (GIT_DISCOVERY_ACROSS_FILESYSTEM not set).
2025-06-27 14:21:19.566 [info] > git rev-parse --show-toplevel [11ms]
2025-06-27 14:21:19.566 [info] fatal: not a git repository (or any parent up to mount point /)
Stopping at filesystem boundary (GIT_DISCOVERY_ACROSS_FILESYSTEM not set).
2025-06-27 14:23:29.099 [info] > git rev-parse --show-toplevel [3ms]
2025-06-27 14:23:29.100 [info] fatal: not a git repository (or any parent up to mount point /)
Stopping at filesystem boundary (GIT_DISCOVERY_ACROSS_FILESYSTEM not set).
