2025-06-27 13:53:23.145 [info] Extension host with pid 1469 started
2025-06-27 13:53:23.146 [error] Error: EEXIST: file already exists, open '/home/dhruv_patil284/.codeoss/data/User/workspaceStorage/51d2e9d5/vscode.lock'
2025-06-27 13:53:23.207 [info] Lock '/home/dhruv_patil284/.codeoss/data/User/workspaceStorage/51d2e9d5/vscode.lock': Could not acquire lock, checking if the file is stale.
2025-06-27 13:53:23.208 [info] Lock '/home/dhruv_patil284/.codeoss/data/User/workspaceStorage/51d2e9d5/vscode.lock': The pid 1427 appears to be gone.
2025-06-27 13:53:23.208 [info] Lock '/home/dhruv_patil284/.codeoss/data/User/workspaceStorage/51d2e9d5/vscode.lock': Deleting a stale lock.
2025-06-27 13:53:23.218 [info] Lock '/home/dhruv_patil284/.codeoss/data/User/workspaceStorage/51d2e9d5/vscode.lock': Lock acquired.
2025-06-27 13:53:23.256 [info] ExtensionService#_doActivateExtension vscode.emmet, startup: false, activationEvent: 'onLanguage'
2025-06-27 13:53:23.257 [info] ExtensionService#_doActivateExtension ms-python.python, startup: false, activationEvent: 'onLanguage:python'
2025-06-27 13:53:23.751 [error] Error: spawn /google/devshell/editor/code-oss-for-cloud-shell/extensions/ms-python.python/python-env-tools/bin/pet ENOENT
	at ChildProcess._handle.onexit (node:internal/child_process:285:19)
	at onErrorNT (node:internal/child_process:483:16)
	at process.processTicksAndRejections (node:internal/process/task_queues:82:21)
2025-06-27 13:53:23.890 [info] ExtensionService#_doActivateExtension vscode.git-base, startup: true, activationEvent: '*', root cause: vscode.git
2025-06-27 13:53:24.018 [info] ExtensionService#_doActivateExtension vscode.git, startup: true, activationEvent: '*'
2025-06-27 13:53:24.019 [info] ExtensionService#_doActivateExtension vscode.github, startup: true, activationEvent: '*'
2025-06-27 13:53:25.794 [info] Eager extensions activated
2025-06-27 13:53:25.795 [info] ExtensionService#_doActivateExtension EditorConfig.EditorConfig, startup: false, activationEvent: 'onStartupFinished'
2025-06-27 13:53:25.796 [info] ExtensionService#_doActivateExtension google.cloud-shell, startup: false, activationEvent: 'onStartupFinished'
2025-06-27 13:53:25.797 [info] ExtensionService#_doActivateExtension google.geminicodeassist, startup: false, activationEvent: 'onStartupFinished', root cause: googlecloudtools.cloudcode
2025-06-27 13:53:25.798 [info] ExtensionService#_doActivateExtension vscode.debug-auto-launch, startup: false, activationEvent: 'onStartupFinished'
2025-06-27 13:53:25.799 [info] ExtensionService#_doActivateExtension vscode.merge-conflict, startup: false, activationEvent: 'onStartupFinished'
2025-06-27 13:53:27.839 [info] ExtensionService#_doActivateExtension googlecloudtools.cloudcode, startup: false, activationEvent: 'onStartupFinished'
2025-06-27 13:53:30.064 [info] ExtensionService#_doActivateExtension vscode.configuration-editing, startup: false, activationEvent: 'onLanguage:jsonc'
2025-06-27 13:53:30.067 [info] ExtensionService#_doActivateExtension vscode.json-language-features, startup: false, activationEvent: 'onLanguage:jsonc'
2025-06-27 13:53:30.067 [info] ExtensionService#_doActivateExtension vscode.typescript-language-features, startup: false, activationEvent: 'onLanguage:jsonc'
